<?xml version="1.0" encoding="UTF-8"?>
<testng-results ignored="0" total="4" passed="3" failed="1" skipped="0">
  <reporter-output>
  </reporter-output>
  <suite started-at="2021-05-03T10:10:48 IST" name="Default suite" finished-at="2021-05-03T10:11:14 IST" duration-ms="25491">
    <groups>
    </groups>
    <test started-at="2021-05-03T10:10:48 IST" name="Default test" finished-at="2021-05-03T10:11:14 IST" duration-ms="25491">
      <class name="TestCases.SignInPageTest">
        <test-method is-config="true" signature="Setup()[pri:0, instance:TestCases.SignInPageTest@6a84a97d]" started-at="2021-05-03T10:10:48 IST" name="Setup" finished-at="2021-05-03T10:10:53 IST" duration-ms="4804" status="PASS">
          <reporter-output>
          </reporter-output>
        </test-method> <!-- Setup -->
        <test-method signature="IsCheckBoxDisplayesdTest()[pri:0, instance:TestCases.SignInPageTest@6a84a97d]" started-at="2021-05-03T10:10:53 IST" name="IsCheckBoxDisplayesdTest" finished-at="2021-05-03T10:10:54 IST" duration-ms="432" status="FAIL">
          <exception class="java.lang.AssertionError">
            <message>
              <![CDATA[expected [false] but found [true]]]>
            </message>
            <full-stacktrace>
              <![CDATA[java.lang.AssertionError: expected [false] but found [true]
at org.testng.Assert.fail(Assert.java:99)
at org.testng.Assert.failNotEquals(Assert.java:1037)
at org.testng.Assert.assertFalse(Assert.java:67)
at org.testng.Assert.assertFalse(Assert.java:77)
at TestCases.SignInPageTest.IsCheckBoxDisplayesdTest(SignInPageTest.java:78)
at java.base/jdk.internal.reflect.NativeMethodAccessorImpl.invoke0(Native Method)
at java.base/jdk.internal.reflect.NativeMethodAccessorImpl.invoke(NativeMethodAccessorImpl.java:64)
at java.base/jdk.internal.reflect.DelegatingMethodAccessorImpl.invoke(DelegatingMethodAccessorImpl.java:43)
at java.base/java.lang.reflect.Method.invoke(Method.java:564)
at org.testng.internal.MethodInvocationHelper.invokeMethod(MethodInvocationHelper.java:132)
at org.testng.internal.TestInvoker.invokeMethod(TestInvoker.java:599)
at org.testng.internal.TestInvoker.invokeTestMethod(TestInvoker.java:174)
at org.testng.internal.MethodRunner.runInSequence(MethodRunner.java:46)
at org.testng.internal.TestInvoker$MethodInvocationAgent.invoke(TestInvoker.java:822)
at org.testng.internal.TestInvoker.invokeTestMethods(TestInvoker.java:147)
at org.testng.internal.TestMethodWorker.invokeTestMethods(TestMethodWorker.java:146)
at org.testng.internal.TestMethodWorker.run(TestMethodWorker.java:128)
at java.base/java.util.ArrayList.forEach(ArrayList.java:1511)
at org.testng.TestRunner.privateRun(TestRunner.java:764)
at org.testng.TestRunner.run(TestRunner.java:585)
at org.testng.SuiteRunner.runTest(SuiteRunner.java:384)
at org.testng.SuiteRunner.runSequentially(SuiteRunner.java:378)
at org.testng.SuiteRunner.privateRun(SuiteRunner.java:337)
at org.testng.SuiteRunner.run(SuiteRunner.java:286)
at org.testng.SuiteRunnerWorker.runSuite(SuiteRunnerWorker.java:53)
at org.testng.SuiteRunnerWorker.run(SuiteRunnerWorker.java:96)
at org.testng.TestNG.runSuitesSequentially(TestNG.java:1218)
at org.testng.TestNG.runSuitesLocally(TestNG.java:1140)
at org.testng.TestNG.runSuites(TestNG.java:1069)
at org.testng.TestNG.run(TestNG.java:1037)
at org.testng.remote.AbstractRemoteTestNG.run(AbstractRemoteTestNG.java:115)
at org.testng.remote.RemoteTestNG.initAndRun(RemoteTestNG.java:251)
at org.testng.remote.RemoteTestNG.main(RemoteTestNG.java:77)
]]>
            </full-stacktrace>
          </exception> <!-- java.lang.AssertionError -->
          <reporter-output>
          </reporter-output>
        </test-method> <!-- IsCheckBoxDisplayesdTest -->
        <test-method is-config="true" signature="tearDown()[pri:0, instance:TestCases.SignInPageTest@6a84a97d]" started-at="2021-05-03T10:10:54 IST" name="tearDown" finished-at="2021-05-03T10:10:54 IST" duration-ms="730" status="PASS">
          <reporter-output>
          </reporter-output>
        </test-method> <!-- tearDown -->
        <test-method is-config="true" signature="Setup()[pri:0, instance:TestCases.SignInPageTest@6a84a97d]" started-at="2021-05-03T10:10:54 IST" name="Setup" finished-at="2021-05-03T10:11:00 IST" duration-ms="5229" status="PASS">
          <reporter-output>
          </reporter-output>
        </test-method> <!-- Setup -->
        <test-method signature="NegativeSignInTest()[pri:0, instance:TestCases.SignInPageTest@6a84a97d]" started-at="2021-05-03T10:11:00 IST" name="NegativeSignInTest" finished-at="2021-05-03T10:11:01 IST" duration-ms="1306" status="PASS">
          <reporter-output>
          </reporter-output>
        </test-method> <!-- NegativeSignInTest -->
        <test-method is-config="true" signature="tearDown()[pri:0, instance:TestCases.SignInPageTest@6a84a97d]" started-at="2021-05-03T10:11:01 IST" name="tearDown" finished-at="2021-05-03T10:11:02 IST" duration-ms="752" status="PASS">
          <reporter-output>
          </reporter-output>
        </test-method> <!-- tearDown -->
        <test-method is-config="true" signature="Setup()[pri:0, instance:TestCases.SignInPageTest@6a84a97d]" started-at="2021-05-03T10:11:02 IST" name="Setup" finished-at="2021-05-03T10:11:06 IST" duration-ms="4341" status="PASS">
          <reporter-output>
          </reporter-output>
        </test-method> <!-- Setup -->
        <test-method signature="SignInPageTitleTest()[pri:0, instance:TestCases.SignInPageTest@6a84a97d]" started-at="2021-05-03T10:11:06 IST" name="SignInPageTitleTest" finished-at="2021-05-03T10:11:06 IST" duration-ms="4" status="PASS">
          <reporter-output>
          </reporter-output>
        </test-method> <!-- SignInPageTitleTest -->
        <test-method is-config="true" signature="tearDown()[pri:0, instance:TestCases.SignInPageTest@6a84a97d]" started-at="2021-05-03T10:11:06 IST" name="tearDown" finished-at="2021-05-03T10:11:07 IST" duration-ms="742" status="PASS">
          <reporter-output>
          </reporter-output>
        </test-method> <!-- tearDown -->
        <test-method is-config="true" signature="Setup()[pri:0, instance:TestCases.SignInPageTest@6a84a97d]" started-at="2021-05-03T10:11:07 IST" name="Setup" finished-at="2021-05-03T10:11:11 IST" duration-ms="4358" status="PASS">
          <reporter-output>
          </reporter-output>
        </test-method> <!-- Setup -->
        <test-method signature="SignInTest()[pri:0, instance:TestCases.SignInPageTest@6a84a97d]" started-at="2021-05-03T10:11:11 IST" name="SignInTest" finished-at="2021-05-03T10:11:13 IST" duration-ms="1900" status="PASS">
          <reporter-output>
          </reporter-output>
        </test-method> <!-- SignInTest -->
        <test-method is-config="true" signature="tearDown()[pri:0, instance:TestCases.SignInPageTest@6a84a97d]" started-at="2021-05-03T10:11:13 IST" name="tearDown" finished-at="2021-05-03T10:11:14 IST" duration-ms="770" status="PASS">
          <reporter-output>
          </reporter-output>
        </test-method> <!-- tearDown -->
      </class> <!-- TestCases.SignInPageTest -->
    </test> <!-- Default test -->
  </suite> <!-- Default suite -->
</testng-results>
