<?xml version="1.0" encoding="UTF-8"?>
<!-- Generated by org.testng.reporters.JUnitXMLReporter -->
<testsuite ignored="0" hostname="LAPTOP-I0P8HFOV" failures="1" tests="4" name="SignInPage" time="31.115" errors="0" timestamp="2021-05-01T16:14:47 IST">
  <testcase classname="TestCases.SignInPageTest" name="IsCheckBoxDisplayesdTest" time="0.11">
    <failure type="java.lang.AssertionError" message="expected [false] but found [true]">
      <![CDATA[java.lang.AssertionError: expected [false] but found [true]
at TestCases.SignInPageTest.IsCheckBoxDisplayesdTest(SignInPageTest.java:80)
at java.base/java.util.ArrayList.forEach(ArrayList.java:1511)
... Removed 31 stack frames]]>
    </failure>
  </testcase> <!-- IsCheckBoxDisplayesdTest -->
  <testcase classname="TestCases.SignInPageTest" name="NegativeSignInTest" time="1.715"/>
  <testcase classname="TestCases.SignInPageTest" name="SignInPageTitleTest" time="0.019"/>
  <testcase classname="TestCases.SignInPageTest" name="SignInTest" time="2.919"/>
</testsuite> <!-- SignInPage -->
