<?xml version="1.0" encoding="UTF-8"?>
<!-- Generated by org.testng.reporters.JUnitXMLReporter -->
<testsuite ignored="1" hostname="LAPTOP-I0P8HFOV" failures="0" tests="16" name="Test" time="174.857" errors="0" timestamp="2021-05-02T17:15:45 IST">
  <testcase classname="TestCases.SignInPageTest" name="@BeforeMethod Initialize" time="4.459">
    <failure type="org.openqa.selenium.WebDriverException" message="Reached error page: about:neterror?e=dnsNotFound&amp;amp;u=https%3A//mypage.rediff.com/login/dologin&amp;amp;c=UTF-8&amp;amp;f=regular&amp;amp;d=We%20can%E2%80%99t%20connect%20to%20the%20server%20at%20mypage.rediff.com.
Build info: version: &amp;apos;3.141.59&amp;apos;, revision: &amp;apos;e82be7d358&amp;apos;, time: &amp;apos;2018-11-14T08:17:03&amp;apos;
System info: host: &amp;apos;LAPTOP-I0P8HFOV&amp;apos;, ip: &amp;apos;192.168.31.1&amp;apos;, os.name: &amp;apos;Windows 10&amp;apos;, os.arch: &amp;apos;amd64&amp;apos;, os.version: &amp;apos;10.0&amp;apos;, java.version: &amp;apos;15.0.1&amp;apos;
Driver info: org.openqa.selenium.firefox.FirefoxDriver
Capabilities {acceptInsecureCerts: true, browserName: firefox, browserVersion: 69.0.3, javascriptEnabled: true, moz:accessibilityChecks: false, moz:buildID: 20191009172106, moz:geckodriverVersion: 0.29.1, moz:headless: false, moz:processID: 13916, moz:profile: C:\Users\Himanshu\AppData\L..., moz:shutdownTimeout: 60000, moz:useNonSpecCompliantPointerOrigin: false, moz:webdriverClick: true, pageLoadStrategy: normal, platform: WINDOWS, platformName: WINDOWS, platformVersion: 10.0, rotatable: false, setWindowRect: true, strictFileInteractability: false, timeouts: {implicit: 0, pageLoad: 300000, script: 30000}, unhandledPromptBehavior: dismiss and notify}
Session ID: c1dec893-fa16-4a54-9fcb-05001e429432">
      <![CDATA[org.openqa.selenium.WebDriverException: Reached error page: about:neterror?e=dnsNotFound&u=https%3A//mypage.rediff.com/login/dologin&c=UTF-8&f=regular&d=We%20can%E2%80%99t%20connect%20to%20the%20server%20at%20mypage.rediff.com.
Build info: version: '3.141.59', revision: 'e82be7d358', time: '2018-11-14T08:17:03'
System info: host: 'LAPTOP-I0P8HFOV', ip: '192.168.31.1', os.name: 'Windows 10', os.arch: 'amd64', os.version: '10.0', java.version: '15.0.1'
Driver info: org.openqa.selenium.firefox.FirefoxDriver
Capabilities {acceptInsecureCerts: true, browserName: firefox, browserVersion: 69.0.3, javascriptEnabled: true, moz:accessibilityChecks: false, moz:buildID: 20191009172106, moz:geckodriverVersion: 0.29.1, moz:headless: false, moz:processID: 13916, moz:profile: C:\Users\Himanshu\AppData\L..., moz:shutdownTimeout: 60000, moz:useNonSpecCompliantPointerOrigin: false, moz:webdriverClick: true, pageLoadStrategy: normal, platform: WINDOWS, platformName: WINDOWS, platformVersion: 10.0, rotatable: false, setWindowRect: true, strictFileInteractability: false, timeouts: {implicit: 0, pageLoad: 300000, script: 30000}, unhandledPromptBehavior: dismiss and notify}
Session ID: c1dec893-fa16-4a54-9fcb-05001e429432
at org.openqa.selenium.remote.http.W3CHttpResponseCodec.createException(W3CHttpResponseCodec.java:187)
at org.openqa.selenium.remote.http.W3CHttpResponseCodec.decode(W3CHttpResponseCodec.java:122)
at org.openqa.selenium.remote.http.W3CHttpResponseCodec.decode(W3CHttpResponseCodec.java:49)
at org.openqa.selenium.remote.HttpCommandExecutor.execute(HttpCommandExecutor.java:158)
at org.openqa.selenium.remote.service.DriverCommandExecutor.execute(DriverCommandExecutor.java:83)
at org.openqa.selenium.remote.RemoteWebDriver.execute(RemoteWebDriver.java:552)
at org.openqa.selenium.remote.RemoteWebDriver.get(RemoteWebDriver.java:277)
at Base.TestBase.InitializeDriver(TestBase.java:55)
at TestCases.SignInPageTest.Initialize(SignInPageTest.java:49)
at java.base/java.util.ArrayList.forEach(ArrayList.java:1511)
... Removed 36 stack frames]]>
    </failure>
  </testcase> <!-- @BeforeMethod Initialize -->
  <testcase classname="TestCases.SignInPageTest" name="@AfterMethod tearDown" time="-1.619955774567E9">
    <skipped/>
  </testcase> <!-- @AfterMethod tearDown -->
  <testcase classname="TestCases.SignInPageTest" name="@BeforeMethod Initialize" time="-1.61995577457E9">
    <skipped/>
  </testcase> <!-- @BeforeMethod Initialize -->
  <testcase classname="TestCases.SignInPageTest" name="@AfterMethod tearDown" time="-1.619955774582E9">
    <skipped/>
  </testcase> <!-- @AfterMethod tearDown -->
  <testcase classname="TestCases.SignInPageTest" name="@BeforeMethod Initialize" time="-1.619955774585E9">
    <skipped/>
  </testcase> <!-- @BeforeMethod Initialize -->
  <testcase classname="TestCases.SignInPageTest" name="@AfterMethod tearDown" time="-1.619955774593E9">
    <skipped/>
  </testcase> <!-- @AfterMethod tearDown -->
  <testcase classname="TestCases.SignInPageTest" name="@BeforeMethod Initialize" time="-1.619955774594E9">
    <skipped/>
  </testcase> <!-- @BeforeMethod Initialize -->
  <testcase classname="TestCases.SignInPageTest" name="@AfterMethod tearDown" time="-1.619955774606E9">
    <skipped/>
  </testcase> <!-- @AfterMethod tearDown -->
  <testcase classname="TestCases.NewsPageTest" name="@BeforeMethod Setup" time="7.033">
    <failure type="org.openqa.selenium.NoSuchWindowException" message="Browsing context has been discarded
Build info: version: &amp;apos;3.141.59&amp;apos;, revision: &amp;apos;e82be7d358&amp;apos;, time: &amp;apos;2018-11-14T08:17:03&amp;apos;
System info: host: &amp;apos;LAPTOP-I0P8HFOV&amp;apos;, ip: &amp;apos;192.168.31.1&amp;apos;, os.name: &amp;apos;Windows 10&amp;apos;, os.arch: &amp;apos;amd64&amp;apos;, os.version: &amp;apos;10.0&amp;apos;, java.version: &amp;apos;15.0.1&amp;apos;
Driver info: org.openqa.selenium.firefox.FirefoxDriver
Capabilities {acceptInsecureCerts: true, browserName: firefox, browserVersion: 69.0.3, javascriptEnabled: true, moz:accessibilityChecks: false, moz:buildID: 20191009172106, moz:geckodriverVersion: 0.29.1, moz:headless: false, moz:processID: 7468, moz:profile: C:\Users\Himanshu\AppData\L..., moz:shutdownTimeout: 60000, moz:useNonSpecCompliantPointerOrigin: false, moz:webdriverClick: true, pageLoadStrategy: normal, platform: WINDOWS, platformName: WINDOWS, platformVersion: 10.0, rotatable: false, setWindowRect: true, strictFileInteractability: false, timeouts: {implicit: 0, pageLoad: 300000, script: 30000}, unhandledPromptBehavior: dismiss and notify}
Session ID: 41dae4c4-148f-44e6-bcc2-1c341ef3e094
*** Element info: {Using=xpath, value=//*[@id=&amp;quot;txtlogin&amp;quot;]}">
      <![CDATA[org.openqa.selenium.NoSuchWindowException: Browsing context has been discarded
Build info: version: '3.141.59', revision: 'e82be7d358', time: '2018-11-14T08:17:03'
System info: host: 'LAPTOP-I0P8HFOV', ip: '192.168.31.1', os.name: 'Windows 10', os.arch: 'amd64', os.version: '10.0', java.version: '15.0.1'
Driver info: org.openqa.selenium.firefox.FirefoxDriver
Capabilities {acceptInsecureCerts: true, browserName: firefox, browserVersion: 69.0.3, javascriptEnabled: true, moz:accessibilityChecks: false, moz:buildID: 20191009172106, moz:geckodriverVersion: 0.29.1, moz:headless: false, moz:processID: 7468, moz:profile: C:\Users\Himanshu\AppData\L..., moz:shutdownTimeout: 60000, moz:useNonSpecCompliantPointerOrigin: false, moz:webdriverClick: true, pageLoadStrategy: normal, platform: WINDOWS, platformName: WINDOWS, platformVersion: 10.0, rotatable: false, setWindowRect: true, strictFileInteractability: false, timeouts: {implicit: 0, pageLoad: 300000, script: 30000}, unhandledPromptBehavior: dismiss and notify}
Session ID: 41dae4c4-148f-44e6-bcc2-1c341ef3e094
*** Element info: {Using=xpath, value=//*[@id="txtlogin"]}
at org.openqa.selenium.remote.http.W3CHttpResponseCodec.createException(W3CHttpResponseCodec.java:187)
at org.openqa.selenium.remote.http.W3CHttpResponseCodec.decode(W3CHttpResponseCodec.java:122)
at org.openqa.selenium.remote.http.W3CHttpResponseCodec.decode(W3CHttpResponseCodec.java:49)
at org.openqa.selenium.remote.HttpCommandExecutor.execute(HttpCommandExecutor.java:158)
at org.openqa.selenium.remote.service.DriverCommandExecutor.execute(DriverCommandExecutor.java:83)
at org.openqa.selenium.remote.RemoteWebDriver.execute(RemoteWebDriver.java:552)
at org.openqa.selenium.remote.RemoteWebDriver.findElement(RemoteWebDriver.java:323)
at org.openqa.selenium.remote.RemoteWebDriver.findElementByXPath(RemoteWebDriver.java:428)
at org.openqa.selenium.By$ByXPath.findElement(By.java:353)
at org.openqa.selenium.remote.RemoteWebDriver.findElement(RemoteWebDriver.java:315)
at org.openqa.selenium.support.pagefactory.DefaultElementLocator.findElement(DefaultElementLocator.java:69)
at org.openqa.selenium.support.pagefactory.internal.LocatingElementHandler.invoke(LocatingElementHandler.java:38)
at com.sun.proxy.$Proxy14.sendKeys(Unknown Source)
at WebPages.SignInPage.EnterUsername(SignInPage.java:54)
at WebPages.SignInPage.SignIn(SignInPage.java:67)
at TestCases.NewsPageTest.Setup(NewsPageTest.java:33)
at java.base/java.util.ArrayList.forEach(ArrayList.java:1511)
... Removed 36 stack frames]]>
    </failure>
  </testcase> <!-- @BeforeMethod Setup -->
  <testcase classname="TestCases.NewsPageTest" name="@AfterMethod TearDown" time="-1.619955900542E9">
    <skipped/>
  </testcase> <!-- @AfterMethod TearDown -->
  <testcase classname="TestCases.NewsPageTest" name="@BeforeMethod Setup" time="-1.619955900544E9">
    <skipped/>
  </testcase> <!-- @BeforeMethod Setup -->
  <testcase classname="TestCases.NewsPageTest" name="@AfterMethod TearDown" time="-1.61995590055E9">
    <skipped/>
  </testcase> <!-- @AfterMethod TearDown -->
  <testcase classname="TestCases.NewsPageTest" name="@BeforeMethod Setup" time="-1.619955900551E9">
    <skipped/>
  </testcase> <!-- @BeforeMethod Setup -->
  <testcase classname="TestCases.NewsPageTest" name="@AfterMethod TearDown" time="-1.619955900561E9">
    <skipped/>
  </testcase> <!-- @AfterMethod TearDown -->
  <testcase classname="TestCases.SignInPageTest" name="IsCheckBoxDisplayesdTest" time="0.001">
    <skipped/>
  </testcase> <!-- IsCheckBoxDisplayesdTest -->
  <testcase classname="TestCases.SignInPageTest" name="NegativeSignInTest" time="0.0">
    <skipped/>
  </testcase> <!-- NegativeSignInTest -->
  <testcase classname="TestCases.SignInPageTest" name="SignInPageTitleTest" time="0.0">
    <skipped/>
  </testcase> <!-- SignInPageTitleTest -->
  <testcase classname="TestCases.SignInPageTest" name="SignInTest" time="0.0">
    <skipped/>
  </testcase> <!-- SignInTest -->
  <testcase classname="TestCases.NewsPageTest" name="SubmitCorrectEmailTest" time="0.533"/>
  <testcase classname="TestCases.NewsPageTest" name="SubmitCorrectEmailTest" time="0.842"/>
  <testcase classname="TestCases.NewsPageTest" name="SubmitCorrectEmailTest" time="1.15"/>
  <testcase classname="TestCases.NewsPageTest" name="SubmitCorrectEmailTest" time="0.786"/>
  <testcase classname="TestCases.NewsPageTest" name="SubmitCorrectEmailTest" time="0.957"/>
  <testcase classname="TestCases.NewsPageTest" name="SubmitCorrectEmailTest" time="1.085"/>
  <testcase classname="TestCases.NewsPageTest" name="SubmitCorrectEmailTest" time="0.647"/>
  <testcase classname="TestCases.NewsPageTest" name="SubmitCorrectEmailTest" time="0.0">
    <skipped/>
  </testcase> <!-- SubmitCorrectEmailTest -->
  <testcase classname="TestCases.NewsPageTest" name="SubmitCorrectEmailTest" time="0.0">
    <skipped/>
  </testcase> <!-- SubmitCorrectEmailTest -->
  <testcase classname="TestCases.NewsPageTest" name="SubmitCorrectEmailTest" time="0.0">
    <skipped/>
  </testcase> <!-- SubmitCorrectEmailTest -->
  <testcase classname="TestCases.HomePageTest" name="BusinessPageNavigationTest" time="5.731"/>
  <testcase classname="TestCases.HomePageTest" name="NewsPageNavigationTest" time="8.515"/>
  <testcase classname="TestCases.NewsPageTest" name="SubmitInCorrectEmailTest" time="0.0">
    <ignored/>
  </testcase> <!-- SubmitInCorrectEmailTest -->
</testsuite> <!-- Test -->
